<?xml version="1.0" encoding="UTF-8"?>
<!-- Generated by org.testng.reporters.JUnitReportReporter -->
<testsuite hostname="DESKTOP-JHTNLOE" failures="0" tests="1" name="PS1" time="0.024" errors="0" timestamp="2024-02-20T12:31:15 ART" skipped="0">
  <testcase classname="PS1" name="testRun" time="0.024"/>
</testsuite> <!-- PS1 -->
