<?xml version="1.0" encoding="UTF-8"?>
<!-- Generated by org.testng.reporters.JUnitReportReporter -->
<testsuite hostname="DESKTOP-JHTNLOE" failures="0" tests="2" name="rahulshettyacademy.tests.ErrorValidations" time="28.944" errors="0" timestamp="2024-02-22T16:20:23 ART" skipped="0">
  <testcase classname="rahulshettyacademy.tests.ErrorValidations" name="LoginErrorValidation" time="13.757"/>
  <testcase classname="rahulshettyacademy.tests.ErrorValidations" name="ProductErrorValidation" time="15.187"/>
</testsuite> <!-- rahulshettyacademy.tests.ErrorValidations -->
