<?xml version="1.0" encoding="UTF-8"?>
<!-- Generated by org.testng.reporters.JUnitReportReporter -->
<testsuite hostname="DESKTOP-JHTNLOE" failures="0" tests="1" name="test.day1" time="0.018" errors="0" timestamp="2024-02-18T11:46:42 ART" skipped="0">
  <testcase classname="test.day1" name="Demo" time="0.018"/>
</testsuite> <!-- test.day1 -->
