<?xml version="1.0" encoding="UTF-8"?>
<!-- Generated by org.testng.reporters.JUnitReportReporter -->
<testsuite hostname="DESKTOP-JHTNLOE" failures="0" tests="1" name="test1" time="0.019" errors="0" timestamp="2024-02-08T17:46:43 ART" skipped="0">
  <testcase classname="test1" name="StreamCollect" time="0.019"/>
</testsuite> <!-- test1 -->
