<?xml version="1.0" encoding="UTF-8"?>
<!-- Generated by org.testng.reporters.JUnitReportReporter -->
<testsuite hostname="DESKTOP-JHTNLOE" failures="0" tests="6" name="test.day3" time="0.050" errors="0" timestamp="2024-02-20T10:47:08 ART" skipped="1">
  <testcase classname="test.day3" name="WebloginCarloan" time="0.009"/>
  <testcase classname="test.day3" name="MobileSignoutCarloan" time="0.009"/>
  <testcase classname="test.day3" name="MobileSignoutCarloan" time="0.020"/>
  <testcase classname="test.day3" name="MobileSignoutCarloan" time="0.006"/>
  <testcase classname="test.day3" name="MobileLoginCarloan" time="0.006"/>
  <testcase classname="test.day3" name="MobileSigninCarloan">
    <skipped/>
  </testcase> <!-- MobileSigninCarloan -->
</testsuite> <!-- test.day3 -->
