<?xml version="1.0" encoding="UTF-8"?>
<!-- Generated by org.testng.reporters.JUnitReportReporter -->
<testsuite hostname="DESKTOP-JHTNLOE" failures="0" tests="1" name="test.day2" time="0.036" errors="0" timestamp="2024-02-20T10:47:08 ART" skipped="0">
  <testcase classname="test.day2" name="ploan" time="0.036"/>
</testsuite> <!-- test.day2 -->
