<?xml version="1.0" encoding="UTF-8"?>
<!-- Generated by org.testng.reporters.JUnitReportReporter -->
<testsuite hostname="DESKTOP-JHTNLOE" failures="0" tests="3" name="test.day4" time="0.015" errors="0" timestamp="2024-02-20T10:47:08 ART" skipped="0">
  <testcase classname="test.day4" name="WebloginCarloan" time="0.003"/>
  <testcase classname="test.day4" name="LoginAPIcarLoan" time="0.006"/>
  <testcase classname="test.day4" name="MobileLoginCarloan" time="0.006"/>
</testsuite> <!-- test.day4 -->
