<?xml version="1.0" encoding="UTF-8"?>
<!-- Generated by org.testng.reporters.JUnitReportReporter -->
<testsuite hostname="DESKTOP-JHTNLOE" failures="0" tests="1" name="cucumber.TestNGTestRunner" time="17.219" errors="0" timestamp="2024-03-05T11:26:19 ART" skipped="0">
  <testcase classname="cucumber.TestNGTestRunner" name="runScenario" time="17.219"/>
</testsuite> <!-- cucumber.TestNGTestRunner -->
