<?xml version="1.0" encoding="UTF-8"?>
<!-- Generated by org.testng.reporters.JUnitReportReporter -->
<testsuite hostname="DESKTOP-JHTNLOE" failures="0" tests="1" name="cucumber.TestNGTestRunner" time="19.139" errors="0" timestamp="2024-03-05T11:38:55 ART" skipped="0">
  <testcase classname="cucumber.TestNGTestRunner" name="runScenario" time="19.139"/>
</testsuite> <!-- cucumber.TestNGTestRunner -->
