<?xml version="1.0" encoding="UTF-8"?>
<!-- Generated by org.testng.reporters.JUnitReportReporter -->
<testsuite hostname="DESKTOP-JHTNLOE" failures="0" tests="1" name="rahulshettyacademy.ExtentReports.ExtentReportDemo" time="13.942" errors="0" timestamp="2024-02-26T09:54:25 ART" skipped="0">
  <testcase classname="rahulshettyacademy.ExtentReports.ExtentReportDemo" name="initialDemo" time="13.942"/>
</testsuite> <!-- rahulshettyacademy.ExtentReports.ExtentReportDemo -->
